TN:
SF:imports/api/graphql/utils.js
FN:1,(anonymous_2)
FN:1,(anonymous_3)
FN:9,sanitizeStringFields
FN:23,(anonymous_6)
FN:50,sanitizeByProperty
FN:58,(anonymous_8)
FNF:6
FNH:5
FNDA:6,(anonymous_2)
FNDA:8,(anonymous_3)
FNDA:88,sanitizeStringFields
FNDA:88,(anonymous_6)
FNDA:8,sanitizeByProperty
FNDA:0,(anonymous_8)
DA:1,18
DA:10,88
DA:21,88
DA:23,88
DA:25,88
DA:31,44
DA:32,44
DA:34,44
DA:35,44
DA:39,88
DA:51,8
DA:52,4
DA:54,4
DA:55,4
DA:57,0
DA:58,0
DA:59,0
LF:17
LH:14
BRDA:26,0,0,0
BRDA:26,0,1,44
BRDA:26,0,2,44
BRDA:26,0,3,44
BRDA:26,0,4,44
BRDA:26,0,5,44
BRDA:51,1,0,4
BRDA:51,1,1,4
BRDA:51,2,0,8
BRDA:51,2,1,6
BRDA:54,3,0,4
BRDA:54,3,1,0
BRDA:58,4,0,0
BRDA:58,4,1,0
BRF:14
BRH:10
end_of_record
