TN:
SF:imports/api/graphql/utils.js
FN:1,(anonymous_2)
FN:1,(anonymous_3)
FN:9,sanitizeStringFields
FN:23,(anonymous_6)
FN:50,sanitizeByProperty
FN:58,(anonymous_8)
FNF:6
FNH:6
FNDA:6,(anonymous_2)
FNDA:8,(anonymous_3)
FNDA:90,sanitizeStringFields
FNDA:98,(anonymous_6)
FNDA:10,sanitizeByProperty
FNDA:8,(anonymous_8)
DA:1,18
DA:10,90
DA:21,90
DA:23,90
DA:25,98
DA:31,54
DA:32,54
DA:34,44
DA:35,44
DA:39,90
DA:51,10
DA:52,4
DA:54,6
DA:55,4
DA:57,2
DA:58,8
DA:59,2
LF:17
LH:17
BRDA:26,0,0,2
BRDA:26,0,1,48
BRDA:26,0,2,50
BRDA:26,0,3,52
BRDA:26,0,4,54
BRDA:26,0,5,44
BRDA:51,1,0,4
BRDA:51,1,1,6
BRDA:51,2,0,10
BRDA:51,2,1,8
BRDA:54,3,0,4
BRDA:54,3,1,2
BRDA:58,4,0,8
BRDA:58,4,1,4
BRF:14
BRH:14
end_of_record
